===== START 5.4 2026-07-14T18:19:30Z =====
Found 23 bucket(s):
  apache/db_1778817368_1778790392_0 -> /Users/klg/Desktop/frozen/apache/db_1778817368_1778790392_0/rawdata/journal.zst
  apache/db_1778817827_1778817740_1 -> /Users/klg/Desktop/frozen/apache/db_1778817827_1778817740_1/rawdata/journal.zst
  apache/db_1779083096_1778817830_2 -> /Users/klg/Desktop/frozen/apache/db_1779083096_1778817830_2/rawdata/journal.zst
  apache/db_1779735029_1779126165_3 -> /Users/klg/Desktop/frozen/apache/db_1779735029_1779126165_3/rawdata/journal.zst
  apache/db_1779899796_1779735176_4 -> /Users/klg/Desktop/frozen/apache/db_1779899796_1779735176_4/rawdata/journal.zst
  apache/db_1781724333_1781701244_5 -> /Users/klg/Desktop/frozen/apache/db_1781724333_1781701244_5/rawdata/journal.zst
  cloud_trail/db_1781656157_1781649501_0 -> /Users/klg/Desktop/frozen/cloud_trail/db_1781656157_1781649501_0/rawdata/journal.zst
  cloud_trail/db_1781724330_1781701244_1 -> /Users/klg/Desktop/frozen/cloud_trail/db_1781724330_1781701244_1/rawdata/journal.zst
  nginx/db_1778817338_1778790392_0 -> /Users/klg/Desktop/frozen/nginx/db_1778817338_1778790392_0/rawdata/journal.zst
  nginx/db_1779083096_1778817740_2 -> /Users/klg/Desktop/frozen/nginx/db_1779083096_1778817740_2/rawdata/journal.zst
  nginx/db_1779735029_1779126165_3 -> /Users/klg/Desktop/frozen/nginx/db_1779735029_1779126165_3/rawdata/journal.zst
  nginx/db_1779899796_1779735176_4 -> /Users/klg/Desktop/frozen/nginx/db_1779899796_1779735176_4/rawdata/journal.zst
  nginx/db_1781724333_1781701244_5 -> /Users/klg/Desktop/frozen/nginx/db_1781724333_1781701244_5/rawdata/journal.zst
  syslog/db_1735689600_1735689600_1 -> /Users/klg/Desktop/frozen/syslog/db_1735689600_1735689600_1/rawdata/journal.zst
  syslog/db_1778788945_1778788945_0 -> /Users/klg/Desktop/frozen/syslog/db_1778788945_1778788945_0/rawdata/journal.zst
  syslog/db_1778817315_1778790392_2 -> /Users/klg/Desktop/frozen/syslog/db_1778817315_1778790392_2/rawdata/journal.zst
  syslog/db_1778817352_1778817318_3 -> /Users/klg/Desktop/frozen/syslog/db_1778817352_1778817318_3/rawdata/journal.zst
  syslog/db_1779083096_1778817740_5 -> /Users/klg/Desktop/frozen/syslog/db_1779083096_1778817740_5/rawdata/journal.zst
  syslog/db_1779735029_1779126165_6 -> /Users/klg/Desktop/frozen/syslog/db_1779735029_1779126165_6/rawdata/journal.zst
  syslog/db_1779899796_1779735176_7 -> /Users/klg/Desktop/frozen/syslog/db_1779899796_1779735176_7/rawdata/journal.zst
  syslog/db_1781724333_1781701244_8 -> /Users/klg/Desktop/frozen/syslog/db_1781724333_1781701244_8/rawdata/journal.zst
  vpc_flowlogs/db_1781656159_1781649500_0 -> /Users/klg/Desktop/frozen/vpc_flowlogs/db_1781656159_1781649500_0/rawdata/journal.zst
  vpc_flowlogs/db_1781724330_1781701244_1 -> /Users/klg/Desktop/frozen/vpc_flowlogs/db_1781724330_1781701244_1/rawdata/journal.zst
Connected to Elasticsearch 9.5.0
Reached end of stream while peeking
Reached end of stream while peeking
Reached end of stream while peeking
Reached end of stream while peeking
Reached end of stream while peeking
  apache/db_1778817827_1778817740_1 -> frosty-apache-5.4-20260714181930 status=completed indexed=303 errors=0
  apache/db_1778817368_1778790392_0 -> frosty-apache-5.4-20260714181930 status=completed indexed=6679 errors=0
  apache/db_1781724333_1781701244_5 -> frosty-apache-5.4-20260714181930 status=completed indexed=4307 errors=0
  apache/db_1779083096_1778817830_2 -> frosty-apache-5.4-20260714181930 status=completed indexed=27269 errors=0
  cloud_trail/db_1781656157_1781649501_0 -> frosty-cloud_trail-5.4-20260714181930 status=completed indexed=7888 errors=0
  cloud_trail/db_1781724330_1781701244_1 -> frosty-cloud_trail-5.4-20260714181930 status=completed indexed=5081 errors=0
  nginx/db_1778817338_1778790392_0 -> frosty-nginx-5.4-20260714181930 status=completed indexed=7369 errors=0
  nginx/db_1779083096_1778817740_2 -> frosty-nginx-5.4-20260714181930 status=completed indexed=27206 errors=0
  apache/db_1779899796_1779735176_4 -> frosty-apache-5.4-20260714181930 status=completed indexed=185229 errors=0
  nginx/db_1781724333_1781701244_5 -> frosty-nginx-5.4-20260714181930 status=completed indexed=4441 errors=0
  syslog/db_1735689600_1735689600_1 -> frosty-syslog-5.4-20260714181930 status=completed indexed=2 errors=0
  syslog/db_1778788945_1778788945_0 -> frosty-syslog-5.4-20260714181930 status=completed indexed=1 errors=0
  syslog/db_1778817315_1778790392_2 -> frosty-syslog-5.4-20260714181930 status=completed indexed=7190 errors=0
  syslog/db_1778817352_1778817318_3 -> frosty-syslog-5.4-20260714181930 status=completed indexed=122 errors=0
  syslog/db_1779083096_1778817740_5 -> frosty-syslog-5.4-20260714181930 status=completed indexed=27346 errors=0
  nginx/db_1779899796_1779735176_4 -> frosty-nginx-5.4-20260714181930 status=completed indexed=183716 errors=0
  syslog/db_1779899796_1779735176_7 -> frosty-syslog-5.4-20260714181930 status=completed indexed=184571 errors=0
  apache/db_1779735029_1779126165_3 -> frosty-apache-5.4-20260714181930 status=completed indexed=476311 errors=0
  syslog/db_1781724333_1781701244_8 -> frosty-syslog-5.4-20260714181930 status=completed indexed=5224 errors=0
  vpc_flowlogs/db_1781656159_1781649500_0 -> frosty-vpc_flowlogs-5.4-20260714181930 status=completed indexed=7951 errors=0
  vpc_flowlogs/db_1781724330_1781701244_1 -> frosty-vpc_flowlogs-5.4-20260714181930 status=completed indexed=4440 errors=0
  nginx/db_1779735029_1779126165_3 -> frosty-nginx-5.4-20260714181930 status=completed indexed=475707 errors=0
  syslog/db_1779735029_1779126165_6 -> frosty-syslog-5.4-20260714181930 status=completed indexed=474924 errors=0
Done [5.4-20260714181930]: 2123277 documents indexed, 0 errors, 0 skipped, 0 failed, wall=61.567s
===== END 5.4 exit= 2026-07-14T18:20:33Z =====
===== START 5.5 2026-07-14T18:20:33Z =====
Found 23 bucket(s):
  apache/db_1778817368_1778790392_0 -> /Users/klg/Desktop/frozen/apache/db_1778817368_1778790392_0/rawdata/journal.zst
  apache/db_1778817827_1778817740_1 -> /Users/klg/Desktop/frozen/apache/db_1778817827_1778817740_1/rawdata/journal.zst
  apache/db_1779083096_1778817830_2 -> /Users/klg/Desktop/frozen/apache/db_1779083096_1778817830_2/rawdata/journal.zst
  apache/db_1779735029_1779126165_3 -> /Users/klg/Desktop/frozen/apache/db_1779735029_1779126165_3/rawdata/journal.zst
  apache/db_1779899796_1779735176_4 -> /Users/klg/Desktop/frozen/apache/db_1779899796_1779735176_4/rawdata/journal.zst
  apache/db_1781724333_1781701244_5 -> /Users/klg/Desktop/frozen/apache/db_1781724333_1781701244_5/rawdata/journal.zst
  cloud_trail/db_1781656157_1781649501_0 -> /Users/klg/Desktop/frozen/cloud_trail/db_1781656157_1781649501_0/rawdata/journal.zst
  cloud_trail/db_1781724330_1781701244_1 -> /Users/klg/Desktop/frozen/cloud_trail/db_1781724330_1781701244_1/rawdata/journal.zst
  nginx/db_1778817338_1778790392_0 -> /Users/klg/Desktop/frozen/nginx/db_1778817338_1778790392_0/rawdata/journal.zst
  nginx/db_1779083096_1778817740_2 -> /Users/klg/Desktop/frozen/nginx/db_1779083096_1778817740_2/rawdata/journal.zst
  nginx/db_1779735029_1779126165_3 -> /Users/klg/Desktop/frozen/nginx/db_1779735029_1779126165_3/rawdata/journal.zst
  nginx/db_1779899796_1779735176_4 -> /Users/klg/Desktop/frozen/nginx/db_1779899796_1779735176_4/rawdata/journal.zst
  nginx/db_1781724333_1781701244_5 -> /Users/klg/Desktop/frozen/nginx/db_1781724333_1781701244_5/rawdata/journal.zst
  syslog/db_1735689600_1735689600_1 -> /Users/klg/Desktop/frozen/syslog/db_1735689600_1735689600_1/rawdata/journal.zst
  syslog/db_1778788945_1778788945_0 -> /Users/klg/Desktop/frozen/syslog/db_1778788945_1778788945_0/rawdata/journal.zst
  syslog/db_1778817315_1778790392_2 -> /Users/klg/Desktop/frozen/syslog/db_1778817315_1778790392_2/rawdata/journal.zst
  syslog/db_1778817352_1778817318_3 -> /Users/klg/Desktop/frozen/syslog/db_1778817352_1778817318_3/rawdata/journal.zst
  syslog/db_1779083096_1778817740_5 -> /Users/klg/Desktop/frozen/syslog/db_1779083096_1778817740_5/rawdata/journal.zst
  syslog/db_1779735029_1779126165_6 -> /Users/klg/Desktop/frozen/syslog/db_1779735029_1779126165_6/rawdata/journal.zst
  syslog/db_1779899796_1779735176_7 -> /Users/klg/Desktop/frozen/syslog/db_1779899796_1779735176_7/rawdata/journal.zst
  syslog/db_1781724333_1781701244_8 -> /Users/klg/Desktop/frozen/syslog/db_1781724333_1781701244_8/rawdata/journal.zst
  vpc_flowlogs/db_1781656159_1781649500_0 -> /Users/klg/Desktop/frozen/vpc_flowlogs/db_1781656159_1781649500_0/rawdata/journal.zst
  vpc_flowlogs/db_1781724330_1781701244_1 -> /Users/klg/Desktop/frozen/vpc_flowlogs/db_1781724330_1781701244_1/rawdata/journal.zst
Connected to Elasticsearch 9.5.0
Reached end of stream while peeking
Reached end of stream while peeking
Reached end of stream while peeking
Reached end of stream while peeking
Reached end of stream while peeking
  apache/db_1778817827_1778817740_1 -> frosty-apache-5.5-20260714182033 status=completed indexed=303 errors=0
  apache/db_1778817368_1778790392_0 -> frosty-apache-5.5-20260714182033 status=completed indexed=6679 errors=0
  apache/db_1781724333_1781701244_5 -> frosty-apache-5.5-20260714182033 status=completed indexed=4307 errors=0
  apache/db_1779083096_1778817830_2 -> frosty-apache-5.5-20260714182033 status=completed indexed=27269 errors=0
  cloud_trail/db_1781656157_1781649501_0 -> frosty-cloud_trail-5.5-20260714182033 status=completed indexed=7888 errors=0
  nginx/db_1778817338_1778790392_0 -> frosty-nginx-5.5-20260714182033 status=completed indexed=7369 errors=0
  cloud_trail/db_1781724330_1781701244_1 -> frosty-cloud_trail-5.5-20260714182033 status=completed indexed=5081 errors=0
  nginx/db_1779083096_1778817740_2 -> frosty-nginx-5.5-20260714182033 status=completed indexed=27206 errors=0
  apache/db_1779899796_1779735176_4 -> frosty-apache-5.5-20260714182033 status=completed indexed=185229 errors=0
  nginx/db_1781724333_1781701244_5 -> frosty-nginx-5.5-20260714182033 status=completed indexed=4441 errors=0
  syslog/db_1735689600_1735689600_1 -> frosty-syslog-5.5-20260714182033 status=completed indexed=2 errors=0
  syslog/db_1778788945_1778788945_0 -> frosty-syslog-5.5-20260714182033 status=completed indexed=1 errors=0
  syslog/db_1778817315_1778790392_2 -> frosty-syslog-5.5-20260714182033 status=completed indexed=7190 errors=0
  syslog/db_1778817352_1778817318_3 -> frosty-syslog-5.5-20260714182033 status=completed indexed=122 errors=0
  nginx/db_1779899796_1779735176_4 -> frosty-nginx-5.5-20260714182033 status=completed indexed=183716 errors=0
  syslog/db_1779083096_1778817740_5 -> frosty-syslog-5.5-20260714182033 status=completed indexed=27346 errors=0
  syslog/db_1779899796_1779735176_7 -> frosty-syslog-5.5-20260714182033 status=completed indexed=184571 errors=0
  syslog/db_1781724333_1781701244_8 -> frosty-syslog-5.5-20260714182033 status=completed indexed=5224 errors=0
  vpc_flowlogs/db_1781656159_1781649500_0 -> frosty-vpc_flowlogs-5.5-20260714182033 status=completed indexed=7951 errors=0
  apache/db_1779735029_1779126165_3 -> frosty-apache-5.5-20260714182033 status=completed indexed=476311 errors=0
  vpc_flowlogs/db_1781724330_1781701244_1 -> frosty-vpc_flowlogs-5.5-20260714182033 status=completed indexed=4440 errors=0
  nginx/db_1779735029_1779126165_3 -> frosty-nginx-5.5-20260714182033 status=completed indexed=475707 errors=0
  syslog/db_1779735029_1779126165_6 -> frosty-syslog-5.5-20260714182033 status=completed indexed=474924 errors=0
Done [5.5-20260714182033]: 2123277 documents indexed, 0 errors, 0 skipped, 0 failed, wall=61.091s
===== END 5.5 exit= 2026-07-14T18:21:35Z =====
===== START 5.6 2026-07-14T18:21:35Z =====
Found 23 bucket(s):
  apache/db_1778817368_1778790392_0 -> /Users/klg/Desktop/frozen/apache/db_1778817368_1778790392_0/rawdata/journal.zst
  apache/db_1778817827_1778817740_1 -> /Users/klg/Desktop/frozen/apache/db_1778817827_1778817740_1/rawdata/journal.zst
  apache/db_1779083096_1778817830_2 -> /Users/klg/Desktop/frozen/apache/db_1779083096_1778817830_2/rawdata/journal.zst
  apache/db_1779735029_1779126165_3 -> /Users/klg/Desktop/frozen/apache/db_1779735029_1779126165_3/rawdata/journal.zst
  apache/db_1779899796_1779735176_4 -> /Users/klg/Desktop/frozen/apache/db_1779899796_1779735176_4/rawdata/journal.zst
  apache/db_1781724333_1781701244_5 -> /Users/klg/Desktop/frozen/apache/db_1781724333_1781701244_5/rawdata/journal.zst
  cloud_trail/db_1781656157_1781649501_0 -> /Users/klg/Desktop/frozen/cloud_trail/db_1781656157_1781649501_0/rawdata/journal.zst
  cloud_trail/db_1781724330_1781701244_1 -> /Users/klg/Desktop/frozen/cloud_trail/db_1781724330_1781701244_1/rawdata/journal.zst
  nginx/db_1778817338_1778790392_0 -> /Users/klg/Desktop/frozen/nginx/db_1778817338_1778790392_0/rawdata/journal.zst
  nginx/db_1779083096_1778817740_2 -> /Users/klg/Desktop/frozen/nginx/db_1779083096_1778817740_2/rawdata/journal.zst
  nginx/db_1779735029_1779126165_3 -> /Users/klg/Desktop/frozen/nginx/db_1779735029_1779126165_3/rawdata/journal.zst
  nginx/db_1779899796_1779735176_4 -> /Users/klg/Desktop/frozen/nginx/db_1779899796_1779735176_4/rawdata/journal.zst
  nginx/db_1781724333_1781701244_5 -> /Users/klg/Desktop/frozen/nginx/db_1781724333_1781701244_5/rawdata/journal.zst
  syslog/db_1735689600_1735689600_1 -> /Users/klg/Desktop/frozen/syslog/db_1735689600_1735689600_1/rawdata/journal.zst
  syslog/db_1778788945_1778788945_0 -> /Users/klg/Desktop/frozen/syslog/db_1778788945_1778788945_0/rawdata/journal.zst
  syslog/db_1778817315_1778790392_2 -> /Users/klg/Desktop/frozen/syslog/db_1778817315_1778790392_2/rawdata/journal.zst
  syslog/db_1778817352_1778817318_3 -> /Users/klg/Desktop/frozen/syslog/db_1778817352_1778817318_3/rawdata/journal.zst
  syslog/db_1779083096_1778817740_5 -> /Users/klg/Desktop/frozen/syslog/db_1779083096_1778817740_5/rawdata/journal.zst
  syslog/db_1779735029_1779126165_6 -> /Users/klg/Desktop/frozen/syslog/db_1779735029_1779126165_6/rawdata/journal.zst
  syslog/db_1779899796_1779735176_7 -> /Users/klg/Desktop/frozen/syslog/db_1779899796_1779735176_7/rawdata/journal.zst
  syslog/db_1781724333_1781701244_8 -> /Users/klg/Desktop/frozen/syslog/db_1781724333_1781701244_8/rawdata/journal.zst
  vpc_flowlogs/db_1781656159_1781649500_0 -> /Users/klg/Desktop/frozen/vpc_flowlogs/db_1781656159_1781649500_0/rawdata/journal.zst
  vpc_flowlogs/db_1781724330_1781701244_1 -> /Users/klg/Desktop/frozen/vpc_flowlogs/db_1781724330_1781701244_1/rawdata/journal.zst
Connected to Elasticsearch 9.5.0
Reached end of stream while peeking
Reached end of stream while peeking
Reached end of stream while peeking
Reached end of stream while peeking
Reached end of stream while peeking
  apache/db_1778817827_1778817740_1 -> frosty-apache-5.6-20260714182135 status=completed indexed=303 errors=0
  apache/db_1778817368_1778790392_0 -> frosty-apache-5.6-20260714182135 status=completed indexed=6679 errors=0
  apache/db_1781724333_1781701244_5 -> frosty-apache-5.6-20260714182135 status=completed indexed=4307 errors=0
  cloud_trail/db_1781656157_1781649501_0 -> frosty-cloud_trail-5.6-20260714182135 status=completed indexed=7888 errors=0
  apache/db_1779083096_1778817830_2 -> frosty-apache-5.6-20260714182135 status=completed indexed=27269 errors=0
  cloud_trail/db_1781724330_1781701244_1 -> frosty-cloud_trail-5.6-20260714182135 status=completed indexed=5081 errors=0
  nginx/db_1778817338_1778790392_0 -> frosty-nginx-5.6-20260714182135 status=completed indexed=7369 errors=0
  nginx/db_1779083096_1778817740_2 -> frosty-nginx-5.6-20260714182135 status=completed indexed=27206 errors=0
  apache/db_1779899796_1779735176_4 -> frosty-apache-5.6-20260714182135 status=completed indexed=185229 errors=0
  nginx/db_1781724333_1781701244_5 -> frosty-nginx-5.6-20260714182135 status=completed indexed=4441 errors=0
  syslog/db_1735689600_1735689600_1 -> frosty-syslog-5.6-20260714182135 status=completed indexed=2 errors=0
  syslog/db_1778788945_1778788945_0 -> frosty-syslog-5.6-20260714182135 status=completed indexed=1 errors=0
  syslog/db_1778817315_1778790392_2 -> frosty-syslog-5.6-20260714182135 status=completed indexed=7190 errors=0
  syslog/db_1778817352_1778817318_3 -> frosty-syslog-5.6-20260714182135 status=completed indexed=122 errors=0
  syslog/db_1779083096_1778817740_5 -> frosty-syslog-5.6-20260714182135 status=completed indexed=27346 errors=0
  nginx/db_1779899796_1779735176_4 -> frosty-nginx-5.6-20260714182135 status=completed indexed=183716 errors=0
  syslog/db_1779899796_1779735176_7 -> frosty-syslog-5.6-20260714182135 status=completed indexed=184571 errors=0
  syslog/db_1781724333_1781701244_8 -> frosty-syslog-5.6-20260714182135 status=completed indexed=5224 errors=0
  vpc_flowlogs/db_1781656159_1781649500_0 -> frosty-vpc_flowlogs-5.6-20260714182135 status=completed indexed=7951 errors=0
  vpc_flowlogs/db_1781724330_1781701244_1 -> frosty-vpc_flowlogs-5.6-20260714182135 status=completed indexed=4440 errors=0
  apache/db_1779735029_1779126165_3 -> frosty-apache-5.6-20260714182135 status=completed indexed=476311 errors=0
  nginx/db_1779735029_1779126165_3 -> frosty-nginx-5.6-20260714182135 status=completed indexed=475707 errors=0
  syslog/db_1779735029_1779126165_6 -> frosty-syslog-5.6-20260714182135 status=completed indexed=474924 errors=0
Done [5.6-20260714182135]: 2123277 documents indexed, 0 errors, 0 skipped, 0 failed, wall=65.931s
===== END 5.6 exit= 2026-07-14T18:22:42Z =====
===== START 5.7 2026-07-14T18:22:42Z =====
Found 23 bucket(s):
  apache/db_1778817368_1778790392_0 -> /Users/klg/Desktop/frozen/apache/db_1778817368_1778790392_0/rawdata/journal.zst
  apache/db_1778817827_1778817740_1 -> /Users/klg/Desktop/frozen/apache/db_1778817827_1778817740_1/rawdata/journal.zst
  apache/db_1779083096_1778817830_2 -> /Users/klg/Desktop/frozen/apache/db_1779083096_1778817830_2/rawdata/journal.zst
  apache/db_1779735029_1779126165_3 -> /Users/klg/Desktop/frozen/apache/db_1779735029_1779126165_3/rawdata/journal.zst
  apache/db_1779899796_1779735176_4 -> /Users/klg/Desktop/frozen/apache/db_1779899796_1779735176_4/rawdata/journal.zst
  apache/db_1781724333_1781701244_5 -> /Users/klg/Desktop/frozen/apache/db_1781724333_1781701244_5/rawdata/journal.zst
  cloud_trail/db_1781656157_1781649501_0 -> /Users/klg/Desktop/frozen/cloud_trail/db_1781656157_1781649501_0/rawdata/journal.zst
  cloud_trail/db_1781724330_1781701244_1 -> /Users/klg/Desktop/frozen/cloud_trail/db_1781724330_1781701244_1/rawdata/journal.zst
  nginx/db_1778817338_1778790392_0 -> /Users/klg/Desktop/frozen/nginx/db_1778817338_1778790392_0/rawdata/journal.zst
  nginx/db_1779083096_1778817740_2 -> /Users/klg/Desktop/frozen/nginx/db_1779083096_1778817740_2/rawdata/journal.zst
  nginx/db_1779735029_1779126165_3 -> /Users/klg/Desktop/frozen/nginx/db_1779735029_1779126165_3/rawdata/journal.zst
  nginx/db_1779899796_1779735176_4 -> /Users/klg/Desktop/frozen/nginx/db_1779899796_1779735176_4/rawdata/journal.zst
  nginx/db_1781724333_1781701244_5 -> /Users/klg/Desktop/frozen/nginx/db_1781724333_1781701244_5/rawdata/journal.zst
  syslog/db_1735689600_1735689600_1 -> /Users/klg/Desktop/frozen/syslog/db_1735689600_1735689600_1/rawdata/journal.zst
  syslog/db_1778788945_1778788945_0 -> /Users/klg/Desktop/frozen/syslog/db_1778788945_1778788945_0/rawdata/journal.zst
  syslog/db_1778817315_1778790392_2 -> /Users/klg/Desktop/frozen/syslog/db_1778817315_1778790392_2/rawdata/journal.zst
  syslog/db_1778817352_1778817318_3 -> /Users/klg/Desktop/frozen/syslog/db_1778817352_1778817318_3/rawdata/journal.zst
  syslog/db_1779083096_1778817740_5 -> /Users/klg/Desktop/frozen/syslog/db_1779083096_1778817740_5/rawdata/journal.zst
  syslog/db_1779735029_1779126165_6 -> /Users/klg/Desktop/frozen/syslog/db_1779735029_1779126165_6/rawdata/journal.zst
  syslog/db_1779899796_1779735176_7 -> /Users/klg/Desktop/frozen/syslog/db_1779899796_1779735176_7/rawdata/journal.zst
  syslog/db_1781724333_1781701244_8 -> /Users/klg/Desktop/frozen/syslog/db_1781724333_1781701244_8/rawdata/journal.zst
  vpc_flowlogs/db_1781656159_1781649500_0 -> /Users/klg/Desktop/frozen/vpc_flowlogs/db_1781656159_1781649500_0/rawdata/journal.zst
  vpc_flowlogs/db_1781724330_1781701244_1 -> /Users/klg/Desktop/frozen/vpc_flowlogs/db_1781724330_1781701244_1/rawdata/journal.zst
Connected to Elasticsearch 9.5.0
Reached end of stream while peeking
Reached end of stream while peeking
Reached end of stream while peeking
Reached end of stream while peeking
Reached end of stream while peeking
  apache/db_1778817827_1778817740_1 -> frosty-apache-5.7-20260714182242 status=completed indexed=303 errors=0
  apache/db_1778817368_1778790392_0 -> frosty-apache-5.7-20260714182242 status=completed indexed=6679 errors=0
  apache/db_1781724333_1781701244_5 -> frosty-apache-5.7-20260714182242 status=completed indexed=4307 errors=0
  apache/db_1779083096_1778817830_2 -> frosty-apache-5.7-20260714182242 status=completed indexed=27269 errors=0
  cloud_trail/db_1781656157_1781649501_0 -> frosty-cloud_trail-5.7-20260714182242 status=completed indexed=7888 errors=0
  nginx/db_1778817338_1778790392_0 -> frosty-nginx-5.7-20260714182242 status=completed indexed=7369 errors=0
  cloud_trail/db_1781724330_1781701244_1 -> frosty-cloud_trail-5.7-20260714182242 status=completed indexed=5081 errors=0
  nginx/db_1779083096_1778817740_2 -> frosty-nginx-5.7-20260714182242 status=completed indexed=27206 errors=0
  apache/db_1779899796_1779735176_4 -> frosty-apache-5.7-20260714182242 status=completed indexed=185229 errors=0
  nginx/db_1781724333_1781701244_5 -> frosty-nginx-5.7-20260714182242 status=completed indexed=4441 errors=0
  syslog/db_1735689600_1735689600_1 -> frosty-syslog-5.7-20260714182242 status=completed indexed=2 errors=0
  syslog/db_1778788945_1778788945_0 -> frosty-syslog-5.7-20260714182242 status=completed indexed=1 errors=0
  syslog/db_1778817315_1778790392_2 -> frosty-syslog-5.7-20260714182242 status=completed indexed=7190 errors=0
  syslog/db_1778817352_1778817318_3 -> frosty-syslog-5.7-20260714182242 status=completed indexed=122 errors=0
  nginx/db_1779899796_1779735176_4 -> frosty-nginx-5.7-20260714182242 status=completed indexed=183716 errors=0
  syslog/db_1779083096_1778817740_5 -> frosty-syslog-5.7-20260714182242 status=completed indexed=27346 errors=0
  syslog/db_1779899796_1779735176_7 -> frosty-syslog-5.7-20260714182242 status=completed indexed=184571 errors=0
  syslog/db_1781724333_1781701244_8 -> frosty-syslog-5.7-20260714182242 status=completed indexed=5224 errors=0
  vpc_flowlogs/db_1781656159_1781649500_0 -> frosty-vpc_flowlogs-5.7-20260714182242 status=completed indexed=7951 errors=0
  apache/db_1779735029_1779126165_3 -> frosty-apache-5.7-20260714182242 status=completed indexed=476311 errors=0
  vpc_flowlogs/db_1781724330_1781701244_1 -> frosty-vpc_flowlogs-5.7-20260714182242 status=completed indexed=4440 errors=0
  nginx/db_1779735029_1779126165_3 -> frosty-nginx-5.7-20260714182242 status=completed indexed=475707 errors=0
  syslog/db_1779735029_1779126165_6 -> frosty-syslog-5.7-20260714182242 status=completed indexed=474924 errors=0
Done [5.7-20260714182242]: 2123277 documents indexed, 0 errors, 0 skipped, 0 failed, wall=62.596s
===== END 5.7 exit= 2026-07-14T18:23:45Z =====
===== START 5.8 2026-07-14T18:23:45Z =====
Found 23 bucket(s):
  apache/db_1778817368_1778790392_0 -> /Users/klg/Desktop/frozen/apache/db_1778817368_1778790392_0/rawdata/journal.zst
  apache/db_1778817827_1778817740_1 -> /Users/klg/Desktop/frozen/apache/db_1778817827_1778817740_1/rawdata/journal.zst
  apache/db_1779083096_1778817830_2 -> /Users/klg/Desktop/frozen/apache/db_1779083096_1778817830_2/rawdata/journal.zst
  apache/db_1779735029_1779126165_3 -> /Users/klg/Desktop/frozen/apache/db_1779735029_1779126165_3/rawdata/journal.zst
  apache/db_1779899796_1779735176_4 -> /Users/klg/Desktop/frozen/apache/db_1779899796_1779735176_4/rawdata/journal.zst
  apache/db_1781724333_1781701244_5 -> /Users/klg/Desktop/frozen/apache/db_1781724333_1781701244_5/rawdata/journal.zst
  cloud_trail/db_1781656157_1781649501_0 -> /Users/klg/Desktop/frozen/cloud_trail/db_1781656157_1781649501_0/rawdata/journal.zst
  cloud_trail/db_1781724330_1781701244_1 -> /Users/klg/Desktop/frozen/cloud_trail/db_1781724330_1781701244_1/rawdata/journal.zst
  nginx/db_1778817338_1778790392_0 -> /Users/klg/Desktop/frozen/nginx/db_1778817338_1778790392_0/rawdata/journal.zst
  nginx/db_1779083096_1778817740_2 -> /Users/klg/Desktop/frozen/nginx/db_1779083096_1778817740_2/rawdata/journal.zst
  nginx/db_1779735029_1779126165_3 -> /Users/klg/Desktop/frozen/nginx/db_1779735029_1779126165_3/rawdata/journal.zst
  nginx/db_1779899796_1779735176_4 -> /Users/klg/Desktop/frozen/nginx/db_1779899796_1779735176_4/rawdata/journal.zst
  nginx/db_1781724333_1781701244_5 -> /Users/klg/Desktop/frozen/nginx/db_1781724333_1781701244_5/rawdata/journal.zst
  syslog/db_1735689600_1735689600_1 -> /Users/klg/Desktop/frozen/syslog/db_1735689600_1735689600_1/rawdata/journal.zst
  syslog/db_1778788945_1778788945_0 -> /Users/klg/Desktop/frozen/syslog/db_1778788945_1778788945_0/rawdata/journal.zst
  syslog/db_1778817315_1778790392_2 -> /Users/klg/Desktop/frozen/syslog/db_1778817315_1778790392_2/rawdata/journal.zst
  syslog/db_1778817352_1778817318_3 -> /Users/klg/Desktop/frozen/syslog/db_1778817352_1778817318_3/rawdata/journal.zst
  syslog/db_1779083096_1778817740_5 -> /Users/klg/Desktop/frozen/syslog/db_1779083096_1778817740_5/rawdata/journal.zst
  syslog/db_1779735029_1779126165_6 -> /Users/klg/Desktop/frozen/syslog/db_1779735029_1779126165_6/rawdata/journal.zst
  syslog/db_1779899796_1779735176_7 -> /Users/klg/Desktop/frozen/syslog/db_1779899796_1779735176_7/rawdata/journal.zst
  syslog/db_1781724333_1781701244_8 -> /Users/klg/Desktop/frozen/syslog/db_1781724333_1781701244_8/rawdata/journal.zst
  vpc_flowlogs/db_1781656159_1781649500_0 -> /Users/klg/Desktop/frozen/vpc_flowlogs/db_1781656159_1781649500_0/rawdata/journal.zst
  vpc_flowlogs/db_1781724330_1781701244_1 -> /Users/klg/Desktop/frozen/vpc_flowlogs/db_1781724330_1781701244_1/rawdata/journal.zst
Connected to Elasticsearch 9.5.0
Reached end of stream while peeking
Reached end of stream while peeking
Reached end of stream while peeking
Reached end of stream while peeking
Reached end of stream while peeking
  apache/db_1778817827_1778817740_1 -> frosty-apache-5.8-20260714182346 status=completed indexed=303 errors=0
  apache/db_1778817368_1778790392_0 -> frosty-apache-5.8-20260714182346 status=completed indexed=6679 errors=0
  apache/db_1781724333_1781701244_5 -> frosty-apache-5.8-20260714182346 status=completed indexed=4307 errors=0
  apache/db_1779083096_1778817830_2 -> frosty-apache-5.8-20260714182346 status=completed indexed=27269 errors=0
  cloud_trail/db_1781656157_1781649501_0 -> frosty-cloud_trail-5.8-20260714182346 status=completed indexed=7888 errors=0
  cloud_trail/db_1781724330_1781701244_1 -> frosty-cloud_trail-5.8-20260714182346 status=completed indexed=5081 errors=0
  nginx/db_1778817338_1778790392_0 -> frosty-nginx-5.8-20260714182346 status=completed indexed=7369 errors=0
  nginx/db_1779083096_1778817740_2 -> frosty-nginx-5.8-20260714182346 status=completed indexed=27206 errors=0
  apache/db_1779899796_1779735176_4 -> frosty-apache-5.8-20260714182346 status=completed indexed=185229 errors=0
  nginx/db_1781724333_1781701244_5 -> frosty-nginx-5.8-20260714182346 status=completed indexed=4441 errors=0
  syslog/db_1735689600_1735689600_1 -> frosty-syslog-5.8-20260714182346 status=completed indexed=2 errors=0
  syslog/db_1778788945_1778788945_0 -> frosty-syslog-5.8-20260714182346 status=completed indexed=1 errors=0
  syslog/db_1778817315_1778790392_2 -> frosty-syslog-5.8-20260714182346 status=completed indexed=7190 errors=0
  syslog/db_1778817352_1778817318_3 -> frosty-syslog-5.8-20260714182346 status=completed indexed=122 errors=0
  syslog/db_1779083096_1778817740_5 -> frosty-syslog-5.8-20260714182346 status=completed indexed=27346 errors=0
  nginx/db_1779899796_1779735176_4 -> frosty-nginx-5.8-20260714182346 status=completed indexed=183716 errors=0
  syslog/db_1779899796_1779735176_7 -> frosty-syslog-5.8-20260714182346 status=completed indexed=184571 errors=0
  syslog/db_1781724333_1781701244_8 -> frosty-syslog-5.8-20260714182346 status=completed indexed=5224 errors=0
  vpc_flowlogs/db_1781656159_1781649500_0 -> frosty-vpc_flowlogs-5.8-20260714182346 status=completed indexed=7951 errors=0
  vpc_flowlogs/db_1781724330_1781701244_1 -> frosty-vpc_flowlogs-5.8-20260714182346 status=completed indexed=4440 errors=0
  apache/db_1779735029_1779126165_3 -> frosty-apache-5.8-20260714182346 status=completed indexed=476311 errors=0
  nginx/db_1779735029_1779126165_3 -> frosty-nginx-5.8-20260714182346 status=completed indexed=475707 errors=0
  syslog/db_1779735029_1779126165_6 -> frosty-syslog-5.8-20260714182346 status=completed indexed=474924 errors=0
Done [5.8-20260714182346]: 2123277 documents indexed, 0 errors, 0 skipped, 0 failed, wall=62.580s
===== END 5.8 exit= 2026-07-14T18:24:49Z =====
===== START 5.9 2026-07-14T18:24:49Z =====
Found 23 bucket(s):
  apache/db_1778817368_1778790392_0 -> /Users/klg/Desktop/frozen/apache/db_1778817368_1778790392_0/rawdata/journal.zst
  apache/db_1778817827_1778817740_1 -> /Users/klg/Desktop/frozen/apache/db_1778817827_1778817740_1/rawdata/journal.zst
  apache/db_1779083096_1778817830_2 -> /Users/klg/Desktop/frozen/apache/db_1779083096_1778817830_2/rawdata/journal.zst
  apache/db_1779735029_1779126165_3 -> /Users/klg/Desktop/frozen/apache/db_1779735029_1779126165_3/rawdata/journal.zst
  apache/db_1779899796_1779735176_4 -> /Users/klg/Desktop/frozen/apache/db_1779899796_1779735176_4/rawdata/journal.zst
  apache/db_1781724333_1781701244_5 -> /Users/klg/Desktop/frozen/apache/db_1781724333_1781701244_5/rawdata/journal.zst
  cloud_trail/db_1781656157_1781649501_0 -> /Users/klg/Desktop/frozen/cloud_trail/db_1781656157_1781649501_0/rawdata/journal.zst
  cloud_trail/db_1781724330_1781701244_1 -> /Users/klg/Desktop/frozen/cloud_trail/db_1781724330_1781701244_1/rawdata/journal.zst
  nginx/db_1778817338_1778790392_0 -> /Users/klg/Desktop/frozen/nginx/db_1778817338_1778790392_0/rawdata/journal.zst
  nginx/db_1779083096_1778817740_2 -> /Users/klg/Desktop/frozen/nginx/db_1779083096_1778817740_2/rawdata/journal.zst
  nginx/db_1779735029_1779126165_3 -> /Users/klg/Desktop/frozen/nginx/db_1779735029_1779126165_3/rawdata/journal.zst
  nginx/db_1779899796_1779735176_4 -> /Users/klg/Desktop/frozen/nginx/db_1779899796_1779735176_4/rawdata/journal.zst
  nginx/db_1781724333_1781701244_5 -> /Users/klg/Desktop/frozen/nginx/db_1781724333_1781701244_5/rawdata/journal.zst
  syslog/db_1735689600_1735689600_1 -> /Users/klg/Desktop/frozen/syslog/db_1735689600_1735689600_1/rawdata/journal.zst
  syslog/db_1778788945_1778788945_0 -> /Users/klg/Desktop/frozen/syslog/db_1778788945_1778788945_0/rawdata/journal.zst
  syslog/db_1778817315_1778790392_2 -> /Users/klg/Desktop/frozen/syslog/db_1778817315_1778790392_2/rawdata/journal.zst
  syslog/db_1778817352_1778817318_3 -> /Users/klg/Desktop/frozen/syslog/db_1778817352_1778817318_3/rawdata/journal.zst
  syslog/db_1779083096_1778817740_5 -> /Users/klg/Desktop/frozen/syslog/db_1779083096_1778817740_5/rawdata/journal.zst
  syslog/db_1779735029_1779126165_6 -> /Users/klg/Desktop/frozen/syslog/db_1779735029_1779126165_6/rawdata/journal.zst
  syslog/db_1779899796_1779735176_7 -> /Users/klg/Desktop/frozen/syslog/db_1779899796_1779735176_7/rawdata/journal.zst
  syslog/db_1781724333_1781701244_8 -> /Users/klg/Desktop/frozen/syslog/db_1781724333_1781701244_8/rawdata/journal.zst
  vpc_flowlogs/db_1781656159_1781649500_0 -> /Users/klg/Desktop/frozen/vpc_flowlogs/db_1781656159_1781649500_0/rawdata/journal.zst
  vpc_flowlogs/db_1781724330_1781701244_1 -> /Users/klg/Desktop/frozen/vpc_flowlogs/db_1781724330_1781701244_1/rawdata/journal.zst
Connected to Elasticsearch 9.5.0
Reached end of stream while peeking
Reached end of stream while peeking
Reached end of stream while peeking
Reached end of stream while peeking
Reached end of stream while peeking
  apache/db_1778817827_1778817740_1 -> frosty-apache-5.9-20260714182449 status=completed indexed=303 errors=0
  apache/db_1778817368_1778790392_0 -> frosty-apache-5.9-20260714182449 status=completed indexed=6679 errors=0
  apache/db_1781724333_1781701244_5 -> frosty-apache-5.9-20260714182449 status=completed indexed=4307 errors=0
  apache/db_1779083096_1778817830_2 -> frosty-apache-5.9-20260714182449 status=completed indexed=27269 errors=0
  cloud_trail/db_1781656157_1781649501_0 -> frosty-cloud_trail-5.9-20260714182449 status=completed indexed=7888 errors=0
  nginx/db_1778817338_1778790392_0 -> frosty-nginx-5.9-20260714182449 status=completed indexed=7369 errors=0
  cloud_trail/db_1781724330_1781701244_1 -> frosty-cloud_trail-5.9-20260714182449 status=completed indexed=5081 errors=0
  nginx/db_1779083096_1778817740_2 -> frosty-nginx-5.9-20260714182449 status=completed indexed=27206 errors=0
  apache/db_1779899796_1779735176_4 -> frosty-apache-5.9-20260714182449 status=completed indexed=185229 errors=0
  nginx/db_1781724333_1781701244_5 -> frosty-nginx-5.9-20260714182449 status=completed indexed=4441 errors=0
  syslog/db_1735689600_1735689600_1 -> frosty-syslog-5.9-20260714182449 status=completed indexed=2 errors=0
  syslog/db_1778788945_1778788945_0 -> frosty-syslog-5.9-20260714182449 status=completed indexed=1 errors=0
  syslog/db_1778817315_1778790392_2 -> frosty-syslog-5.9-20260714182449 status=completed indexed=7190 errors=0
  syslog/db_1778817352_1778817318_3 -> frosty-syslog-5.9-20260714182449 status=completed indexed=122 errors=0
  nginx/db_1779899796_1779735176_4 -> frosty-nginx-5.9-20260714182449 status=completed indexed=183716 errors=0
  syslog/db_1779083096_1778817740_5 -> frosty-syslog-5.9-20260714182449 status=completed indexed=27346 errors=0
  syslog/db_1779899796_1779735176_7 -> frosty-syslog-5.9-20260714182449 status=completed indexed=184571 errors=0
  syslog/db_1781724333_1781701244_8 -> frosty-syslog-5.9-20260714182449 status=completed indexed=5224 errors=0
  vpc_flowlogs/db_1781656159_1781649500_0 -> frosty-vpc_flowlogs-5.9-20260714182449 status=completed indexed=7951 errors=0
  apache/db_1779735029_1779126165_3 -> frosty-apache-5.9-20260714182449 status=completed indexed=476311 errors=0
  vpc_flowlogs/db_1781724330_1781701244_1 -> frosty-vpc_flowlogs-5.9-20260714182449 status=completed indexed=4440 errors=0
  nginx/db_1779735029_1779126165_3 -> frosty-nginx-5.9-20260714182449 status=completed indexed=475707 errors=0
  syslog/db_1779735029_1779126165_6 -> frosty-syslog-5.9-20260714182449 status=completed indexed=474924 errors=0
Done [5.9-20260714182449]: 2123277 documents indexed, 0 errors, 0 skipped, 0 failed, wall=61.986s
===== END 5.9 exit= 2026-07-14T18:25:52Z =====
===== START 6.0 2026-07-14T18:25:52Z =====
Found 23 bucket(s):
  apache/db_1778817368_1778790392_0 -> /Users/klg/Desktop/frozen/apache/db_1778817368_1778790392_0/rawdata/journal.zst
  apache/db_1778817827_1778817740_1 -> /Users/klg/Desktop/frozen/apache/db_1778817827_1778817740_1/rawdata/journal.zst
  apache/db_1779083096_1778817830_2 -> /Users/klg/Desktop/frozen/apache/db_1779083096_1778817830_2/rawdata/journal.zst
  apache/db_1779735029_1779126165_3 -> /Users/klg/Desktop/frozen/apache/db_1779735029_1779126165_3/rawdata/journal.zst
  apache/db_1779899796_1779735176_4 -> /Users/klg/Desktop/frozen/apache/db_1779899796_1779735176_4/rawdata/journal.zst
  apache/db_1781724333_1781701244_5 -> /Users/klg/Desktop/frozen/apache/db_1781724333_1781701244_5/rawdata/journal.zst
  cloud_trail/db_1781656157_1781649501_0 -> /Users/klg/Desktop/frozen/cloud_trail/db_1781656157_1781649501_0/rawdata/journal.zst
  cloud_trail/db_1781724330_1781701244_1 -> /Users/klg/Desktop/frozen/cloud_trail/db_1781724330_1781701244_1/rawdata/journal.zst
  nginx/db_1778817338_1778790392_0 -> /Users/klg/Desktop/frozen/nginx/db_1778817338_1778790392_0/rawdata/journal.zst
  nginx/db_1779083096_1778817740_2 -> /Users/klg/Desktop/frozen/nginx/db_1779083096_1778817740_2/rawdata/journal.zst
  nginx/db_1779735029_1779126165_3 -> /Users/klg/Desktop/frozen/nginx/db_1779735029_1779126165_3/rawdata/journal.zst
  nginx/db_1779899796_1779735176_4 -> /Users/klg/Desktop/frozen/nginx/db_1779899796_1779735176_4/rawdata/journal.zst
  nginx/db_1781724333_1781701244_5 -> /Users/klg/Desktop/frozen/nginx/db_1781724333_1781701244_5/rawdata/journal.zst
  syslog/db_1735689600_1735689600_1 -> /Users/klg/Desktop/frozen/syslog/db_1735689600_1735689600_1/rawdata/journal.zst
  syslog/db_1778788945_1778788945_0 -> /Users/klg/Desktop/frozen/syslog/db_1778788945_1778788945_0/rawdata/journal.zst
  syslog/db_1778817315_1778790392_2 -> /Users/klg/Desktop/frozen/syslog/db_1778817315_1778790392_2/rawdata/journal.zst
  syslog/db_1778817352_1778817318_3 -> /Users/klg/Desktop/frozen/syslog/db_1778817352_1778817318_3/rawdata/journal.zst
  syslog/db_1779083096_1778817740_5 -> /Users/klg/Desktop/frozen/syslog/db_1779083096_1778817740_5/rawdata/journal.zst
  syslog/db_1779735029_1779126165_6 -> /Users/klg/Desktop/frozen/syslog/db_1779735029_1779126165_6/rawdata/journal.zst
  syslog/db_1779899796_1779735176_7 -> /Users/klg/Desktop/frozen/syslog/db_1779899796_1779735176_7/rawdata/journal.zst
  syslog/db_1781724333_1781701244_8 -> /Users/klg/Desktop/frozen/syslog/db_1781724333_1781701244_8/rawdata/journal.zst
  vpc_flowlogs/db_1781656159_1781649500_0 -> /Users/klg/Desktop/frozen/vpc_flowlogs/db_1781656159_1781649500_0/rawdata/journal.zst
  vpc_flowlogs/db_1781724330_1781701244_1 -> /Users/klg/Desktop/frozen/vpc_flowlogs/db_1781724330_1781701244_1/rawdata/journal.zst
Connected to Elasticsearch 9.5.0
Reached end of stream while peeking
Reached end of stream while peeking
Reached end of stream while peeking
Reached end of stream while peeking
Reached end of stream while peeking
  apache/db_1778817827_1778817740_1 -> frosty-apache-6.0-20260714182552 status=completed indexed=303 errors=0
  apache/db_1778817368_1778790392_0 -> frosty-apache-6.0-20260714182552 status=completed indexed=6679 errors=0
  apache/db_1781724333_1781701244_5 -> frosty-apache-6.0-20260714182552 status=completed indexed=4307 errors=0
  apache/db_1779083096_1778817830_2 -> frosty-apache-6.0-20260714182552 status=completed indexed=27269 errors=0
  cloud_trail/db_1781656157_1781649501_0 -> frosty-cloud_trail-6.0-20260714182552 status=completed indexed=7888 errors=0
  cloud_trail/db_1781724330_1781701244_1 -> frosty-cloud_trail-6.0-20260714182552 status=completed indexed=5081 errors=0
  nginx/db_1778817338_1778790392_0 -> frosty-nginx-6.0-20260714182552 status=completed indexed=7369 errors=0
  nginx/db_1779083096_1778817740_2 -> frosty-nginx-6.0-20260714182552 status=completed indexed=27206 errors=0
  apache/db_1779899796_1779735176_4 -> frosty-apache-6.0-20260714182552 status=completed indexed=185229 errors=0
  nginx/db_1781724333_1781701244_5 -> frosty-nginx-6.0-20260714182552 status=completed indexed=4441 errors=0
  syslog/db_1735689600_1735689600_1 -> frosty-syslog-6.0-20260714182552 status=completed indexed=2 errors=0
  syslog/db_1778788945_1778788945_0 -> frosty-syslog-6.0-20260714182552 status=completed indexed=1 errors=0
  syslog/db_1778817315_1778790392_2 -> frosty-syslog-6.0-20260714182552 status=completed indexed=7190 errors=0
  syslog/db_1778817352_1778817318_3 -> frosty-syslog-6.0-20260714182552 status=completed indexed=122 errors=0
  syslog/db_1779083096_1778817740_5 -> frosty-syslog-6.0-20260714182552 status=completed indexed=27346 errors=0
  nginx/db_1779899796_1779735176_4 -> frosty-nginx-6.0-20260714182552 status=completed indexed=183716 errors=0
  syslog/db_1779899796_1779735176_7 -> frosty-syslog-6.0-20260714182552 status=completed indexed=184571 errors=0
  syslog/db_1781724333_1781701244_8 -> frosty-syslog-6.0-20260714182552 status=completed indexed=5224 errors=0
  apache/db_1779735029_1779126165_3 -> frosty-apache-6.0-20260714182552 status=completed indexed=476311 errors=0
  vpc_flowlogs/db_1781656159_1781649500_0 -> frosty-vpc_flowlogs-6.0-20260714182552 status=completed indexed=7951 errors=0
  vpc_flowlogs/db_1781724330_1781701244_1 -> frosty-vpc_flowlogs-6.0-20260714182552 status=completed indexed=4440 errors=0
  nginx/db_1779735029_1779126165_3 -> frosty-nginx-6.0-20260714182552 status=completed indexed=475707 errors=0
  syslog/db_1779735029_1779126165_6 -> frosty-syslog-6.0-20260714182552 status=completed indexed=474924 errors=0
Done [6.0-20260714182552]: 2123277 documents indexed, 0 errors, 0 skipped, 0 failed, wall=73.953s
===== END 6.0 exit= 2026-07-14T18:27:07Z =====
===== START 6.1 2026-07-14T18:27:07Z =====
Found 23 bucket(s):
  apache/db_1778817368_1778790392_0 -> /Users/klg/Desktop/frozen/apache/db_1778817368_1778790392_0/rawdata/journal.zst
  apache/db_1778817827_1778817740_1 -> /Users/klg/Desktop/frozen/apache/db_1778817827_1778817740_1/rawdata/journal.zst
  apache/db_1779083096_1778817830_2 -> /Users/klg/Desktop/frozen/apache/db_1779083096_1778817830_2/rawdata/journal.zst
  apache/db_1779735029_1779126165_3 -> /Users/klg/Desktop/frozen/apache/db_1779735029_1779126165_3/rawdata/journal.zst
  apache/db_1779899796_1779735176_4 -> /Users/klg/Desktop/frozen/apache/db_1779899796_1779735176_4/rawdata/journal.zst
  apache/db_1781724333_1781701244_5 -> /Users/klg/Desktop/frozen/apache/db_1781724333_1781701244_5/rawdata/journal.zst
  cloud_trail/db_1781656157_1781649501_0 -> /Users/klg/Desktop/frozen/cloud_trail/db_1781656157_1781649501_0/rawdata/journal.zst
  cloud_trail/db_1781724330_1781701244_1 -> /Users/klg/Desktop/frozen/cloud_trail/db_1781724330_1781701244_1/rawdata/journal.zst
  nginx/db_1778817338_1778790392_0 -> /Users/klg/Desktop/frozen/nginx/db_1778817338_1778790392_0/rawdata/journal.zst
  nginx/db_1779083096_1778817740_2 -> /Users/klg/Desktop/frozen/nginx/db_1779083096_1778817740_2/rawdata/journal.zst
  nginx/db_1779735029_1779126165_3 -> /Users/klg/Desktop/frozen/nginx/db_1779735029_1779126165_3/rawdata/journal.zst
  nginx/db_1779899796_1779735176_4 -> /Users/klg/Desktop/frozen/nginx/db_1779899796_1779735176_4/rawdata/journal.zst
  nginx/db_1781724333_1781701244_5 -> /Users/klg/Desktop/frozen/nginx/db_1781724333_1781701244_5/rawdata/journal.zst
  syslog/db_1735689600_1735689600_1 -> /Users/klg/Desktop/frozen/syslog/db_1735689600_1735689600_1/rawdata/journal.zst
  syslog/db_1778788945_1778788945_0 -> /Users/klg/Desktop/frozen/syslog/db_1778788945_1778788945_0/rawdata/journal.zst
  syslog/db_1778817315_1778790392_2 -> /Users/klg/Desktop/frozen/syslog/db_1778817315_1778790392_2/rawdata/journal.zst
  syslog/db_1778817352_1778817318_3 -> /Users/klg/Desktop/frozen/syslog/db_1778817352_1778817318_3/rawdata/journal.zst
  syslog/db_1779083096_1778817740_5 -> /Users/klg/Desktop/frozen/syslog/db_1779083096_1778817740_5/rawdata/journal.zst
  syslog/db_1779735029_1779126165_6 -> /Users/klg/Desktop/frozen/syslog/db_1779735029_1779126165_6/rawdata/journal.zst
  syslog/db_1779899796_1779735176_7 -> /Users/klg/Desktop/frozen/syslog/db_1779899796_1779735176_7/rawdata/journal.zst
  syslog/db_1781724333_1781701244_8 -> /Users/klg/Desktop/frozen/syslog/db_1781724333_1781701244_8/rawdata/journal.zst
  vpc_flowlogs/db_1781656159_1781649500_0 -> /Users/klg/Desktop/frozen/vpc_flowlogs/db_1781656159_1781649500_0/rawdata/journal.zst
  vpc_flowlogs/db_1781724330_1781701244_1 -> /Users/klg/Desktop/frozen/vpc_flowlogs/db_1781724330_1781701244_1/rawdata/journal.zst
Connected to Elasticsearch 9.5.0
Reached end of stream while peeking
Reached end of stream while peeking
Reached end of stream while peeking
Reached end of stream while peeking
Reached end of stream while peeking
  apache/db_1778817827_1778817740_1 -> frosty-apache-6.1-20260714182707 status=completed indexed=303 errors=0
  apache/db_1778817368_1778790392_0 -> frosty-apache-6.1-20260714182707 status=completed indexed=6679 errors=0
  apache/db_1781724333_1781701244_5 -> frosty-apache-6.1-20260714182707 status=completed indexed=4307 errors=0
  apache/db_1779083096_1778817830_2 -> frosty-apache-6.1-20260714182707 status=completed indexed=27269 errors=0
  cloud_trail/db_1781656157_1781649501_0 -> frosty-cloud_trail-6.1-20260714182707 status=completed indexed=7888 errors=0
  cloud_trail/db_1781724330_1781701244_1 -> frosty-cloud_trail-6.1-20260714182707 status=completed indexed=5081 errors=0
  nginx/db_1778817338_1778790392_0 -> frosty-nginx-6.1-20260714182707 status=completed indexed=7369 errors=0
  nginx/db_1779083096_1778817740_2 -> frosty-nginx-6.1-20260714182707 status=completed indexed=27206 errors=0
  apache/db_1779899796_1779735176_4 -> frosty-apache-6.1-20260714182707 status=completed indexed=185229 errors=0
  nginx/db_1781724333_1781701244_5 -> frosty-nginx-6.1-20260714182707 status=completed indexed=4441 errors=0
  syslog/db_1735689600_1735689600_1 -> frosty-syslog-6.1-20260714182707 status=completed indexed=2 errors=0
  syslog/db_1778788945_1778788945_0 -> frosty-syslog-6.1-20260714182707 status=completed indexed=1 errors=0
  syslog/db_1778817315_1778790392_2 -> frosty-syslog-6.1-20260714182707 status=completed indexed=7190 errors=0
  syslog/db_1778817352_1778817318_3 -> frosty-syslog-6.1-20260714182707 status=completed indexed=122 errors=0
  nginx/db_1779899796_1779735176_4 -> frosty-nginx-6.1-20260714182707 status=completed indexed=183716 errors=0
  syslog/db_1779083096_1778817740_5 -> frosty-syslog-6.1-20260714182707 status=completed indexed=27346 errors=0
  syslog/db_1779899796_1779735176_7 -> frosty-syslog-6.1-20260714182707 status=completed indexed=184571 errors=0
  syslog/db_1781724333_1781701244_8 -> frosty-syslog-6.1-20260714182707 status=completed indexed=5224 errors=0
  apache/db_1779735029_1779126165_3 -> frosty-apache-6.1-20260714182707 status=completed indexed=476311 errors=0
  vpc_flowlogs/db_1781656159_1781649500_0 -> frosty-vpc_flowlogs-6.1-20260714182707 status=completed indexed=7951 errors=0
  vpc_flowlogs/db_1781724330_1781701244_1 -> frosty-vpc_flowlogs-6.1-20260714182707 status=completed indexed=4440 errors=0
  nginx/db_1779735029_1779126165_3 -> frosty-nginx-6.1-20260714182707 status=completed indexed=475707 errors=0
  syslog/db_1779735029_1779126165_6 -> frosty-syslog-6.1-20260714182707 status=completed indexed=474924 errors=0
Done [6.1-20260714182707]: 2123277 documents indexed, 0 errors, 0 skipped, 0 failed, wall=61.480s
===== END 6.1 exit= 2026-07-14T18:28:09Z =====
===== START 6.2 2026-07-14T18:28:09Z =====
Found 23 bucket(s):
  apache/db_1778817368_1778790392_0 -> /Users/klg/Desktop/frozen/apache/db_1778817368_1778790392_0/rawdata/journal.zst
  apache/db_1778817827_1778817740_1 -> /Users/klg/Desktop/frozen/apache/db_1778817827_1778817740_1/rawdata/journal.zst
  apache/db_1779083096_1778817830_2 -> /Users/klg/Desktop/frozen/apache/db_1779083096_1778817830_2/rawdata/journal.zst
  apache/db_1779735029_1779126165_3 -> /Users/klg/Desktop/frozen/apache/db_1779735029_1779126165_3/rawdata/journal.zst
  apache/db_1779899796_1779735176_4 -> /Users/klg/Desktop/frozen/apache/db_1779899796_1779735176_4/rawdata/journal.zst
  apache/db_1781724333_1781701244_5 -> /Users/klg/Desktop/frozen/apache/db_1781724333_1781701244_5/rawdata/journal.zst
  cloud_trail/db_1781656157_1781649501_0 -> /Users/klg/Desktop/frozen/cloud_trail/db_1781656157_1781649501_0/rawdata/journal.zst
  cloud_trail/db_1781724330_1781701244_1 -> /Users/klg/Desktop/frozen/cloud_trail/db_1781724330_1781701244_1/rawdata/journal.zst
  nginx/db_1778817338_1778790392_0 -> /Users/klg/Desktop/frozen/nginx/db_1778817338_1778790392_0/rawdata/journal.zst
  nginx/db_1779083096_1778817740_2 -> /Users/klg/Desktop/frozen/nginx/db_1779083096_1778817740_2/rawdata/journal.zst
  nginx/db_1779735029_1779126165_3 -> /Users/klg/Desktop/frozen/nginx/db_1779735029_1779126165_3/rawdata/journal.zst
  nginx/db_1779899796_1779735176_4 -> /Users/klg/Desktop/frozen/nginx/db_1779899796_1779735176_4/rawdata/journal.zst
  nginx/db_1781724333_1781701244_5 -> /Users/klg/Desktop/frozen/nginx/db_1781724333_1781701244_5/rawdata/journal.zst
  syslog/db_1735689600_1735689600_1 -> /Users/klg/Desktop/frozen/syslog/db_1735689600_1735689600_1/rawdata/journal.zst
  syslog/db_1778788945_1778788945_0 -> /Users/klg/Desktop/frozen/syslog/db_1778788945_1778788945_0/rawdata/journal.zst
  syslog/db_1778817315_1778790392_2 -> /Users/klg/Desktop/frozen/syslog/db_1778817315_1778790392_2/rawdata/journal.zst
  syslog/db_1778817352_1778817318_3 -> /Users/klg/Desktop/frozen/syslog/db_1778817352_1778817318_3/rawdata/journal.zst
  syslog/db_1779083096_1778817740_5 -> /Users/klg/Desktop/frozen/syslog/db_1779083096_1778817740_5/rawdata/journal.zst
  syslog/db_1779735029_1779126165_6 -> /Users/klg/Desktop/frozen/syslog/db_1779735029_1779126165_6/rawdata/journal.zst
  syslog/db_1779899796_1779735176_7 -> /Users/klg/Desktop/frozen/syslog/db_1779899796_1779735176_7/rawdata/journal.zst
  syslog/db_1781724333_1781701244_8 -> /Users/klg/Desktop/frozen/syslog/db_1781724333_1781701244_8/rawdata/journal.zst
  vpc_flowlogs/db_1781656159_1781649500_0 -> /Users/klg/Desktop/frozen/vpc_flowlogs/db_1781656159_1781649500_0/rawdata/journal.zst
  vpc_flowlogs/db_1781724330_1781701244_1 -> /Users/klg/Desktop/frozen/vpc_flowlogs/db_1781724330_1781701244_1/rawdata/journal.zst
Connected to Elasticsearch 9.5.0
Reached end of stream while peeking
Reached end of stream while peeking
Reached end of stream while peeking
Reached end of stream while peeking
Reached end of stream while peeking
  apache/db_1778817827_1778817740_1 -> frosty-apache-6.2-20260714182810 status=completed indexed=303 errors=0
  apache/db_1778817368_1778790392_0 -> frosty-apache-6.2-20260714182810 status=completed indexed=6679 errors=0
  apache/db_1781724333_1781701244_5 -> frosty-apache-6.2-20260714182810 status=completed indexed=4307 errors=0
  apache/db_1779083096_1778817830_2 -> frosty-apache-6.2-20260714182810 status=completed indexed=27269 errors=0
  cloud_trail/db_1781656157_1781649501_0 -> frosty-cloud_trail-6.2-20260714182810 status=completed indexed=7888 errors=0
  nginx/db_1778817338_1778790392_0 -> frosty-nginx-6.2-20260714182810 status=completed indexed=7369 errors=0
  cloud_trail/db_1781724330_1781701244_1 -> frosty-cloud_trail-6.2-20260714182810 status=completed indexed=5081 errors=0
  nginx/db_1779083096_1778817740_2 -> frosty-nginx-6.2-20260714182810 status=completed indexed=27206 errors=0
  apache/db_1779899796_1779735176_4 -> frosty-apache-6.2-20260714182810 status=completed indexed=185229 errors=0
  nginx/db_1781724333_1781701244_5 -> frosty-nginx-6.2-20260714182810 status=completed indexed=4441 errors=0
  syslog/db_1735689600_1735689600_1 -> frosty-syslog-6.2-20260714182810 status=completed indexed=2 errors=0
  syslog/db_1778788945_1778788945_0 -> frosty-syslog-6.2-20260714182810 status=completed indexed=1 errors=0
  syslog/db_1778817315_1778790392_2 -> frosty-syslog-6.2-20260714182810 status=completed indexed=7190 errors=0
  syslog/db_1778817352_1778817318_3 -> frosty-syslog-6.2-20260714182810 status=completed indexed=122 errors=0
  syslog/db_1779083096_1778817740_5 -> frosty-syslog-6.2-20260714182810 status=completed indexed=27346 errors=0
  nginx/db_1779899796_1779735176_4 -> frosty-nginx-6.2-20260714182810 status=completed indexed=183716 errors=0
  apache/db_1779735029_1779126165_3 -> frosty-apache-6.2-20260714182810 status=completed indexed=476311 errors=0
  syslog/db_1779899796_1779735176_7 -> frosty-syslog-6.2-20260714182810 status=completed indexed=184571 errors=0
  syslog/db_1781724333_1781701244_8 -> frosty-syslog-6.2-20260714182810 status=completed indexed=5224 errors=0
  vpc_flowlogs/db_1781656159_1781649500_0 -> frosty-vpc_flowlogs-6.2-20260714182810 status=completed indexed=7951 errors=0
  vpc_flowlogs/db_1781724330_1781701244_1 -> frosty-vpc_flowlogs-6.2-20260714182810 status=completed indexed=4440 errors=0
  nginx/db_1779735029_1779126165_3 -> frosty-nginx-6.2-20260714182810 status=completed indexed=475707 errors=0
  syslog/db_1779735029_1779126165_6 -> frosty-syslog-6.2-20260714182810 status=completed indexed=474924 errors=0
Done [6.2-20260714182810]: 2123277 documents indexed, 0 errors, 0 skipped, 0 failed, wall=61.692s
===== END 6.2 exit= 2026-07-14T18:29:12Z =====
===== START 6.3 2026-07-14T18:29:12Z =====
Found 23 bucket(s):
  apache/db_1778817368_1778790392_0 -> /Users/klg/Desktop/frozen/apache/db_1778817368_1778790392_0/rawdata/journal.zst
  apache/db_1778817827_1778817740_1 -> /Users/klg/Desktop/frozen/apache/db_1778817827_1778817740_1/rawdata/journal.zst
  apache/db_1779083096_1778817830_2 -> /Users/klg/Desktop/frozen/apache/db_1779083096_1778817830_2/rawdata/journal.zst
  apache/db_1779735029_1779126165_3 -> /Users/klg/Desktop/frozen/apache/db_1779735029_1779126165_3/rawdata/journal.zst
  apache/db_1779899796_1779735176_4 -> /Users/klg/Desktop/frozen/apache/db_1779899796_1779735176_4/rawdata/journal.zst
  apache/db_1781724333_1781701244_5 -> /Users/klg/Desktop/frozen/apache/db_1781724333_1781701244_5/rawdata/journal.zst
  cloud_trail/db_1781656157_1781649501_0 -> /Users/klg/Desktop/frozen/cloud_trail/db_1781656157_1781649501_0/rawdata/journal.zst
  cloud_trail/db_1781724330_1781701244_1 -> /Users/klg/Desktop/frozen/cloud_trail/db_1781724330_1781701244_1/rawdata/journal.zst
  nginx/db_1778817338_1778790392_0 -> /Users/klg/Desktop/frozen/nginx/db_1778817338_1778790392_0/rawdata/journal.zst
  nginx/db_1779083096_1778817740_2 -> /Users/klg/Desktop/frozen/nginx/db_1779083096_1778817740_2/rawdata/journal.zst
  nginx/db_1779735029_1779126165_3 -> /Users/klg/Desktop/frozen/nginx/db_1779735029_1779126165_3/rawdata/journal.zst
  nginx/db_1779899796_1779735176_4 -> /Users/klg/Desktop/frozen/nginx/db_1779899796_1779735176_4/rawdata/journal.zst
  nginx/db_1781724333_1781701244_5 -> /Users/klg/Desktop/frozen/nginx/db_1781724333_1781701244_5/rawdata/journal.zst
  syslog/db_1735689600_1735689600_1 -> /Users/klg/Desktop/frozen/syslog/db_1735689600_1735689600_1/rawdata/journal.zst
  syslog/db_1778788945_1778788945_0 -> /Users/klg/Desktop/frozen/syslog/db_1778788945_1778788945_0/rawdata/journal.zst
  syslog/db_1778817315_1778790392_2 -> /Users/klg/Desktop/frozen/syslog/db_1778817315_1778790392_2/rawdata/journal.zst
  syslog/db_1778817352_1778817318_3 -> /Users/klg/Desktop/frozen/syslog/db_1778817352_1778817318_3/rawdata/journal.zst
  syslog/db_1779083096_1778817740_5 -> /Users/klg/Desktop/frozen/syslog/db_1779083096_1778817740_5/rawdata/journal.zst
  syslog/db_1779735029_1779126165_6 -> /Users/klg/Desktop/frozen/syslog/db_1779735029_1779126165_6/rawdata/journal.zst
  syslog/db_1779899796_1779735176_7 -> /Users/klg/Desktop/frozen/syslog/db_1779899796_1779735176_7/rawdata/journal.zst
  syslog/db_1781724333_1781701244_8 -> /Users/klg/Desktop/frozen/syslog/db_1781724333_1781701244_8/rawdata/journal.zst
  vpc_flowlogs/db_1781656159_1781649500_0 -> /Users/klg/Desktop/frozen/vpc_flowlogs/db_1781656159_1781649500_0/rawdata/journal.zst
  vpc_flowlogs/db_1781724330_1781701244_1 -> /Users/klg/Desktop/frozen/vpc_flowlogs/db_1781724330_1781701244_1/rawdata/journal.zst
Connected to Elasticsearch 9.5.0
Reached end of stream while peeking
Reached end of stream while peeking
Reached end of stream while peeking
Reached end of stream while peeking
Reached end of stream while peeking
  apache/db_1778817827_1778817740_1 -> frosty-apache-6.3-20260714182912 status=completed indexed=303 errors=0
  apache/db_1778817368_1778790392_0 -> frosty-apache-6.3-20260714182912 status=completed indexed=6679 errors=0
  apache/db_1781724333_1781701244_5 -> frosty-apache-6.3-20260714182912 status=completed indexed=4307 errors=0
  apache/db_1779083096_1778817830_2 -> frosty-apache-6.3-20260714182912 status=completed indexed=27269 errors=0
  cloud_trail/db_1781656157_1781649501_0 -> frosty-cloud_trail-6.3-20260714182912 status=completed indexed=7888 errors=0
  cloud_trail/db_1781724330_1781701244_1 -> frosty-cloud_trail-6.3-20260714182912 status=completed indexed=5081 errors=0
  nginx/db_1778817338_1778790392_0 -> frosty-nginx-6.3-20260714182912 status=completed indexed=7369 errors=0
  nginx/db_1779083096_1778817740_2 -> frosty-nginx-6.3-20260714182912 status=completed indexed=27206 errors=0
  apache/db_1779899796_1779735176_4 -> frosty-apache-6.3-20260714182912 status=completed indexed=185229 errors=0
  nginx/db_1781724333_1781701244_5 -> frosty-nginx-6.3-20260714182912 status=completed indexed=4441 errors=0
  syslog/db_1735689600_1735689600_1 -> frosty-syslog-6.3-20260714182912 status=completed indexed=2 errors=0
  syslog/db_1778788945_1778788945_0 -> frosty-syslog-6.3-20260714182912 status=completed indexed=1 errors=0
  syslog/db_1778817315_1778790392_2 -> frosty-syslog-6.3-20260714182912 status=completed indexed=7190 errors=0
  syslog/db_1778817352_1778817318_3 -> frosty-syslog-6.3-20260714182912 status=completed indexed=122 errors=0
  nginx/db_1779899796_1779735176_4 -> frosty-nginx-6.3-20260714182912 status=completed indexed=183716 errors=0
  syslog/db_1779083096_1778817740_5 -> frosty-syslog-6.3-20260714182912 status=completed indexed=27346 errors=0
  syslog/db_1779899796_1779735176_7 -> frosty-syslog-6.3-20260714182912 status=completed indexed=184571 errors=0
  syslog/db_1781724333_1781701244_8 -> frosty-syslog-6.3-20260714182912 status=completed indexed=5224 errors=0
  vpc_flowlogs/db_1781656159_1781649500_0 -> frosty-vpc_flowlogs-6.3-20260714182912 status=completed indexed=7951 errors=0
  vpc_flowlogs/db_1781724330_1781701244_1 -> frosty-vpc_flowlogs-6.3-20260714182912 status=completed indexed=4440 errors=0
  apache/db_1779735029_1779126165_3 -> frosty-apache-6.3-20260714182912 status=completed indexed=476311 errors=0
  nginx/db_1779735029_1779126165_3 -> frosty-nginx-6.3-20260714182912 status=completed indexed=475707 errors=0
  syslog/db_1779735029_1779126165_6 -> frosty-syslog-6.3-20260714182912 status=completed indexed=474924 errors=0
Done [6.3-20260714182912]: 2123277 documents indexed, 0 errors, 0 skipped, 0 failed, wall=65.240s
===== END 6.3 exit= 2026-07-14T18:30:18Z =====
ALL 10 COMPLETE
